<?xml version="1.0" encoding="UTF-8"?>
<!-- Generated by org.testng.reporters.JUnitReportReporter -->
<testsuite hostname="DESKTOP-6U2HU57" failures="0" tests="2" name="com.dsce1.apptest" time="0.032" errors="0" timestamp="2025-04-14T22:16:06 IST" skipped="0">
  <testcase classname="com.dsce1.apptest" name="testlogin2" time="0.002"/>
  <system-out/>
  <testcase classname="com.dsce1.apptest" name="testlogin1" time="0.030"/>
  <system-out/>
</testsuite> <!-- com.dsce1.apptest -->
